This file contains any messages produced by compilers while
running configure, to aid debugging if configure makes a mistake.

It was created by preview-latex configure 11.84, which was
generated by GNU Autoconf 2.61.  Invocation command line was

  $ ./configure -with-emacs=~/emacs-23.1/nextstep/Emacs.app/Contents/MacOS/Emacs --without-texmf-dir

## --------- ##
## Platform. ##
## --------- ##

hostname = Lucy.local
uname -m = i386
uname -r = 9.7.0
uname -s = Darwin
uname -v = Darwin Kernel Version 9.7.0: Tue Mar 31 22:52:17 PDT 2009; root:xnu-1228.12.14~1/RELEASE_I386

/usr/bin/uname -p = i386
/bin/uname -X     = unknown

/bin/arch              = unknown
/usr/bin/arch -k       = unknown
/usr/convex/getsysinfo = unknown
/usr/bin/hostinfo      = Mach kernel version:
	 Darwin Kernel Version 9.7.0: Tue Mar 31 22:52:17 PDT 2009; root:xnu-1228.12.14~1/RELEASE_I386
Kernel configured for up to 2 processors.
2 processors are physically available.
2 processors are logically available.
Processor type: i486 (Intel 80486)
Processors active: 0 1
Primary memory available: 2.00 gigabytes
Default processor set: 99 tasks, 442 threads, 2 processors
Load average: 4.10, Mach factor: 0.32
/bin/machine           = unknown
/usr/bin/oslevel       = unknown
/bin/universe          = unknown

PATH: /Library/Frameworks/Python.framework/Versions/2.6/bin
PATH: /Users/nurv/bolsa/soylatte16-i386-1.0.3/bin
PATH: /usr/bin
PATH: /bin
PATH: /usr/sbin
PATH: /sbin
PATH: /usr/local/bin
PATH: /usr/texbin
PATH: /usr/X11/bin
PATH: /usr/local/git/bin
PATH: /opt/local/bin


## ----------- ##
## Core tests. ##
## ----------- ##

configure:1683: checking whether make sets $(MAKE)
configure:1704: result: yes
configure:1757: checking for a BSD-compatible install
configure:1813: result: /usr/bin/install -c
configure:1880: checking for ~/emacs-23.1/nextstep/Emacs.app/Contents/MacOS/Emacs
configure:1913: result: no
configure:1880: checking for emacs
configure:1898: found /usr/bin/emacs
configure:1910: result: /usr/bin/emacs
configure:1928: checking if /usr/bin/emacs is XEmacs
/usr/bin/emacs -batch -no-site-file -eval (let* ((x (if (featurep (quote xemacs)) "yes" "no"))) (write-region (if (stringp x) x (prin1-to-string x)) nil "./conftest-62014"))
Wrote /Users/nurv/.emacs.d/auctex/preview/conftest-62014
=> no
configure:1950: result: no
configure:1954: checking for Emacs prefix
/usr/bin/emacs -batch -no-site-file -eval (let* ((cmd(pop command-line-args-left))(x (condition-case nil (let*
    ((prefix (directory-file-name (file-name-directory (executable-find cmd))))
     (parent (directory-file-name (file-name-directory prefix))))
    (if (string= (file-name-nondirectory prefix) "bin")
        (setq prefix parent)
      (if (string= (file-name-nondirectory parent) "bin")
         (setq prefix (directory-file-name (file-name-directory parent)))))
    prefix) (error NONE)))) (write-region (if (stringp x) x (prin1-to-string x)) nil "./conftest-62014")) /usr/bin/emacs
Wrote /Users/nurv/.emacs.d/auctex/preview/conftest-62014
=> /usr
configure:1973: result: "/usr"
configure:2005: checking if Emacs is recent enough
/usr/bin/emacs -batch -no-site-file -eval (let* ((x (cond ((< emacs-major-version 21) "no")
			 ((> emacs-major-version 21) "yes")
			 ((< emacs-minor-version 01) "no")
			 (t "yes")))) (write-region (if (stringp x) x (prin1-to-string x)) nil "./conftest-62014"))
Wrote /Users/nurv/.emacs.d/auctex/preview/conftest-62014
=> yes
configure:2019: result: yes
configure:2061: checking if build directory is valid
/usr/bin/emacs -batch -eval (let* ((x (if (or (member (directory-file-name default-directory) load-path)	      (member (file-name-as-directory default-directory) load-path))	 "no" "yes"))) (write-region (if (stringp x) x (prin1-to-string x)) nil "./conftest-62014"))
Wrote /Users/nurv/.emacs.d/auctex/preview/conftest-62014
=> yes
configure:2079: result: yes
configure:2171: checking where lisp files go
/usr/bin/emacs -batch -eval (let* ((prefix(pop command-line-args-left)) (expanded(pop command-line-args-left)) (x (catch 22
       (let (reldir (dirs load-path))
	  (dolist (name (list "emacs/site-lisp" "emacs/site-packages"
	         "site-lisp" "site-packages") "NONE")
	    (dolist (dir dirs)
	      (when (and dir
	      	         (setq dir (directory-file-name dir))
                         (file-name-absolute-p dir)
	      	         (file-directory-p dir)
	                 (not (string-match "\`\.\."
                           (setq reldir (file-relative-name dir expanded))))
			 (not (file-name-absolute-p reldir))
                         (let ((name name) (dir dir))
		           (while (and dir name
		                       (string= (file-name-nondirectory dir)
		                                (file-name-nondirectory name))
                              (setq dir (file-name-directory dir)
				   name (file-name-directory name))
			      (if (and dir name)
			         (setq dir (directory-file-name dir)
			              name (directory-file-name name)))))
		            (null name))
		   (throw 22
                      (if (string= reldir ".") (directory-file-name prefix)
                        (concat (file-name-as-directory prefix)
                                reldir))))))))))) (write-region (if (stringp x) x (prin1-to-string x)) nil "./conftest-62014")) ${datadir}/emacs /usr/local/share/emacs
Wrote /Users/nurv/.emacs.d/auctex/preview/conftest-62014
=> NONE
/usr/bin/emacs -batch -eval (let* ((prefix(pop command-line-args-left)) (expanded(pop command-line-args-left)) (x (catch 22
       (let (reldir (dirs load-path))
	  (dolist (name (list "emacs/site-lisp" "emacs/site-packages"
	         "site-lisp" "site-packages") "NONE")
	    (dolist (dir dirs)
	      (when (and dir
	      	         (setq dir (directory-file-name dir))
                         (file-name-absolute-p dir)
	      	         (file-directory-p dir)
	                 (not (string-match "\`\.\."
                           (setq reldir (file-relative-name dir expanded))))
			 (not (file-name-absolute-p reldir))
                         (let ((name name) (dir dir))
		           (while (and dir name
		                       (string= (file-name-nondirectory dir)
		                                (file-name-nondirectory name))
                              (setq dir (file-name-directory dir)
				   name (file-name-directory name))
			      (if (and dir name)
			         (setq dir (directory-file-name dir)
			              name (directory-file-name name)))))
		            (null name))
		   (throw 22
                      (if (string= reldir ".") (directory-file-name prefix)
                        (concat (file-name-as-directory prefix)
                                reldir))))))))))) (write-region (if (stringp x) x (prin1-to-string x)) nil "./conftest-62014")) ${libdir}/emacs /usr/local/lib/emacs
Wrote /Users/nurv/.emacs.d/auctex/preview/conftest-62014
=> NONE
/usr/bin/emacs -batch -eval (let* ((prefix(pop command-line-args-left)) (expanded(pop command-line-args-left)) (x (catch 22
       (let (reldir (dirs load-path))
	  (dolist (name (list "emacs/site-lisp" "emacs/site-packages"
	         "site-lisp" "site-packages") "NONE")
	    (dolist (dir dirs)
	      (when (and dir
	      	         (setq dir (directory-file-name dir))
                         (file-name-absolute-p dir)
	      	         (file-directory-p dir)
	                 (not (string-match "\`\.\."
                           (setq reldir (file-relative-name dir expanded))))
			 (not (file-name-absolute-p reldir))
                         (let ((name name) (dir dir))
		           (while (and dir name
		                       (string= (file-name-nondirectory dir)
		                                (file-name-nondirectory name))
                              (setq dir (file-name-directory dir)
				   name (file-name-directory name))
			      (if (and dir name)
			         (setq dir (directory-file-name dir)
			              name (directory-file-name name)))))
		            (null name))
		   (throw 22
                      (if (string= reldir ".") (directory-file-name prefix)
                        (concat (file-name-as-directory prefix)
                                reldir))))))))))) (write-region (if (stringp x) x (prin1-to-string x)) nil "./conftest-62014")) /usr/share/emacs /usr/share/emacs
Wrote /Users/nurv/.emacs.d/auctex/preview/conftest-62014
=> /usr/share/emacs/site-lisp
configure:2246: result: /usr/share/emacs/site-lisp
configure:2250: checking what file to use for preview startup
configure:2277: result: /usr/share/emacs/site-lisp/preview-latex.el
configure:2291: checking where the package lisp files go
/usr/bin/emacs -batch -no-site-file -eval (let* ((path(pop command-line-args-left)) (lispdir(pop command-line-args-left)) (startup(pop command-line-args-left)) (target(pop command-line-args-left))(x (progn (setq path (directory-file-name path))
  (if (or target
          (not (string= (car load-path) (directory-file-name (car load-path)))))
    (setq path (file-name-as-directory path)))
  (setq path (expand-file-name path lispdir))
  (setq startupdir (file-name-directory (expand-file-name startup lispdir)))
  (prin1-to-string
    (if (or (string-match "\`\.\."
              (setq relname (file-relative-name startupdir lispdir)))
            (file-name-absolute-p relname)
	    (string-match "\`\.\."
              (setq relname (file-relative-name path lispdir)))
 	    (file-name-absolute-p relname))
	  (concat path target)
	(cond (target
	       `(expand-file-name
                   ,(file-relative-name (concat path target) startupdir)
	           (file-name-directory load-file-name)))
              ((string= path startupdir)
	         '(file-name-directory load-file-name))
	      ((string= path (directory-file-name startupdir))
                 '(directory-file-name (file-name-directory load-file-name)))
              (t
	       `(expand-file-name
                   ,(file-relative-name path startupdir)
	           (file-name-directory load-file-name))))))))) (write-region (if (stringp x) x (prin1-to-string x)) nil "./conftest-62014")) /usr/share/emacs/site-lisp/preview /usr/share/emacs/site-lisp /usr/share/emacs/site-lisp/preview-latex.el
Wrote /Users/nurv/.emacs.d/auctex/preview/conftest-62014
=> (expand-file-name "preview" (file-name-directory load-file-name))
configure:2372: result: /usr/share/emacs/site-lisp/preview
configure:2375: checking where the data files go
/usr/bin/emacs -batch -no-site-file -eval (let* ((path(pop command-line-args-left)) (lispdir(pop command-line-args-left)) (startup(pop command-line-args-left)) (target(pop command-line-args-left))(x (progn (setq path (directory-file-name path))
  (if (or target
          (not (string= (car load-path) (directory-file-name (car load-path)))))
    (setq path (file-name-as-directory path)))
  (setq path (expand-file-name path lispdir))
  (setq startupdir (file-name-directory (expand-file-name startup lispdir)))
  (prin1-to-string
    (if (or (string-match "\`\.\."
              (setq relname (file-relative-name startupdir lispdir)))
            (file-name-absolute-p relname)
	    (string-match "\`\.\."
              (setq relname (file-relative-name path lispdir)))
 	    (file-name-absolute-p relname))
	  (concat path target)
	(cond (target
	       `(expand-file-name
                   ,(file-relative-name (concat path target) startupdir)
	           (file-name-directory load-file-name)))
              ((string= path startupdir)
	         '(file-name-directory load-file-name))
	      ((string= path (directory-file-name startupdir))
                 '(directory-file-name (file-name-directory load-file-name)))
              (t
	       `(expand-file-name
                   ,(file-relative-name path startupdir)
	           (file-name-directory load-file-name))))))))) (write-region (if (stringp x) x (prin1-to-string x)) nil "./conftest-62014")) /usr/share/emacs/site-lisp/preview /usr/share/emacs/site-lisp /usr/share/emacs/site-lisp/preview-latex.el
Wrote /Users/nurv/.emacs.d/auctex/preview/conftest-62014
=> (expand-file-name "preview" (file-name-directory load-file-name))
configure:2456: result: /usr/share/emacs/site-lisp/preview
configure:2463: checking for the location of AUCTeX's tex-site.el
/usr/bin/emacs -batch -eval (let* ((x (condition-case nil
             (directory-file-name (file-name-directory
                (locate-library "tex-site")))
	    (error "")))) (write-region (if (stringp x) x (prin1-to-string x)) nil "./conftest-62014"))
Wrote /Users/nurv/.emacs.d/auctex/preview/conftest-62014
=> 
configure:2507: error: Can't find AUCTeX!  Please install it!
Check the PROBLEMS file for details.

## ---------------- ##
## Cache variables. ##
## ---------------- ##

EMACS_cv_ACCEPTABLE_AUCTEX=
ac_cv_env_GS_set=
ac_cv_env_GS_value=
ac_cv_env_TEXHASH_set=
ac_cv_env_TEXHASH_value=
ac_cv_env_build_alias_set=
ac_cv_env_build_alias_value=
ac_cv_env_host_alias_set=
ac_cv_env_host_alias_value=
ac_cv_env_target_alias_set=
ac_cv_env_target_alias_value=
ac_cv_path_EMACS=/usr/bin/emacs
ac_cv_path_install='/usr/bin/install -c'
ac_cv_prog_make_make_set=yes

## ----------------- ##
## Output variables. ##
## ----------------- ##

DEFS=''
ECHO_C='ECHO_N=''
ECHO_T=''
EMACS='/usr/bin/emacs'
EMACS_FLAVOR='emacs'
GS=''
INSTALL_DATA='${INSTALL} -m 644'
INSTALL_PROGRAM='${INSTALL}'
INSTALL_SCRIPT='${INSTALL}'
LATEX=''
LIBOBJS=''
LIBS=''
LTLIBOBJS=''
PACKAGE_BUGREPORT='bug-auctex@gnu.org'
PACKAGE_NAME='preview-latex'
PACKAGE_STRING='preview-latex 11.84'
PACKAGE_TARNAME='preview-latex'
PACKAGE_VERSION='11.84'
PATH_SEPARATOR=':'
PDFLATEX=''
PLAT_LISP='prv-emacs.el'
SET_MAKE=''
SHELL='/bin/sh'
TEX=''
TEXHASH=''
TEXMFGEN=''
XEMACS='no'
auctexdir=''
bindir='${exec_prefix}/bin'
build_alias=''
datadir='${datarootdir}'
datarootdir='${prefix}/share'
docdir='${datarootdir}/doc/${PACKAGE_TARNAME}'
dvidir='${docdir}'
exec_prefix='NONE'
host_alias=''
htmldir='${docdir}'
includedir='${prefix}/include'
infodir='${datarootdir}/info'
libdir='${exec_prefix}/lib'
libexecdir='${exec_prefix}/libexec'
lispGS=''
lispdir='/usr/share/emacs/site-lisp'
lisppackagedatadir='(expand-file-name "preview" (file-name-directory load-file-name))'
lisppackagelispdir='(expand-file-name "preview" (file-name-directory load-file-name))'
lisppackagetexstyles=''
localedir='${datarootdir}/locale'
localstatedir='${prefix}/var'
mandir='${datarootdir}/man'
oldincludedir='/usr/include'
packagedatadir='/usr/share/emacs/site-lisp/preview'
packagedir='no'
packagelispdir='/usr/share/emacs/site-lisp/preview'
packagetexstyles=''
pdfdir='${docdir}'
prefix='NONE'
previewdocdir=''
previewstartfile='/usr/share/emacs/site-lisp/preview-latex.el'
previewtexmfdir=''
program_transform_name='s,x,x,'
psdir='${docdir}'
sbindir='${exec_prefix}/sbin'
sharedstatedir='${prefix}/com'
sysconfdir='${prefix}/etc'
target_alias=''
texmfdir=''

## ----------- ##
## confdefs.h. ##
## ----------- ##

#define PACKAGE_NAME "preview-latex"
#define PACKAGE_TARNAME "preview-latex"
#define PACKAGE_VERSION "11.84"
#define PACKAGE_STRING "preview-latex 11.84"
#define PACKAGE_BUGREPORT "bug-auctex@gnu.org"

configure: exit 1
